{"/home/wellython/Documentos/web-academy-ufam/WACAD016 - Fundamentos de Teste de Software/tests-app/src/utils/validacoes.js": {"path":"/home/wellython/Documentos/web-academy-ufam/WACAD016 - Fundamentos de Teste de Software/tests-app/src/utils/validacoes.js","statementMap":{"0":{"start":{"line":6,"column":21},"end":{"line":6,"column":42}},"1":{"start":{"line":8,"column":2},"end":{"line":9,"column":44}},"2":{"start":{"line":8,"column":25},"end":{"line":8,"column":41}},"3":{"start":{"line":9,"column":7},"end":{"line":9,"column":44}},"4":{"start":{"line":16,"column":16},"end":{"line":22,"column":3}},"5":{"start":{"line":24,"column":25},"end":{"line":24,"column":43}},"6":{"start":{"line":26,"column":2},"end":{"line":27,"column":19}},"7":{"start":{"line":26,"column":65},"end":{"line":26,"column":78}},"8":{"start":{"line":27,"column":7},"end":{"line":27,"column":19}},"9":{"start":{"line":34,"column":14},"end":{"line":34,"column":15}},"10":{"start":{"line":35,"column":2},"end":{"line":37,"column":3}},"11":{"start":{"line":35,"column":15},"end":{"line":35,"column":16}},"12":{"start":{"line":36,"column":4},"end":{"line":36,"column":54}},"13":{"start":{"line":38,"column":2},"end":{"line":38,"column":15}},"14":{"start":{"line":41,"column":0},"end":{"line":45,"column":2}}},"fnMap":{"0":{"name":"firstName","decl":{"start":{"line":4,"column":9},"end":{"line":4,"column":18}},"loc":{"start":{"line":4,"column":29},"end":{"line":10,"column":1}},"line":4},"1":{"name":"checkStockAvailability","decl":{"start":{"line":15,"column":9},"end":{"line":15,"column":31}},"loc":{"start":{"line":15,"column":55},"end":{"line":28,"column":1}},"line":15},"2":{"name":"calculateTotalPrice","decl":{"start":{"line":33,"column":9},"end":{"line":33,"column":28}},"loc":{"start":{"line":33,"column":39},"end":{"line":39,"column":1}},"line":33}},"branchMap":{"0":{"loc":{"start":{"line":8,"column":2},"end":{"line":9,"column":44}},"type":"if","locations":[{"start":{"line":8,"column":2},"end":{"line":9,"column":44}},{"start":{"line":9,"column":7},"end":{"line":9,"column":44}}],"line":8},"1":{"loc":{"start":{"line":26,"column":2},"end":{"line":27,"column":19}},"type":"if","locations":[{"start":{"line":26,"column":2},"end":{"line":27,"column":19}},{"start":{"line":27,"column":7},"end":{"line":27,"column":19}}],"line":26},"2":{"loc":{"start":{"line":26,"column":6},"end":{"line":26,"column":63}},"type":"binary-expr","locations":[{"start":{"line":26,"column":6},"end":{"line":26,"column":34}},{"start":{"line":26,"column":38},"end":{"line":26,"column":63}}],"line":26}},"s":{"0":2,"1":2,"2":1,"3":1,"4":4,"5":4,"6":4,"7":3,"8":1,"9":2,"10":2,"11":2,"12":3,"13":2,"14":1},"f":{"0":2,"1":4,"2":2},"b":{"0":[1,1],"1":[3,1],"2":[4,3]},"_coverageSchema":"1a1c01bbd47fc00a2c39e90264f33305004495a9","hash":"fdbb1a246bbe62c1ad505a3b3bd1641e764e081b"}
}
